[0.129s] Invoking command in '/home/gunwon/last_ws/build/articubot_one': CMAKE_PREFIX_PATH=${CMAKE_PREFIX_PATH}:/opt/ros/foxy /usr/bin/cmake /home/gunwon/last_ws/src/articubot_one -DAMENT_CMAKE_SYMLINK_INSTALL=1 -DCMAKE_INSTALL_PREFIX=/home/gunwon/last_ws/install/articubot_one
[0.139s] -- Found ament_cmake: 0.9.12 (/opt/ros/foxy/share/ament_cmake/cmake)
[0.155s] -- Using PYTHON_EXECUTABLE: /usr/bin/python3
[0.287s] -- Override CMake install command with custom implementation using symlinks instead of copying resources
[0.294s] -- Found ament_lint_auto: 0.9.8 (/opt/ros/foxy/share/ament_lint_auto/cmake)
[0.343s] -- Added test 'copyright' to check source files copyright and LICENSE
[0.345s] -- Added test 'flake8' to check Python code syntax and style conventions
[0.345s] -- Added test 'lint_cmake' to check CMake code style
[0.346s] -- Added test 'pep257' to check Python code against some of the style conventions in PEP 257
[0.347s] -- Added test 'xmllint' to check XML markup files
[0.348s] -- Configuring done
[0.349s] -- Generating done
[0.350s] -- Build files have been written to: /home/gunwon/last_ws/build/articubot_one
[0.352s] Invoked command in '/home/gunwon/last_ws/build/articubot_one' returned '0': CMAKE_PREFIX_PATH=${CMAKE_PREFIX_PATH}:/opt/ros/foxy /usr/bin/cmake /home/gunwon/last_ws/src/articubot_one -DAMENT_CMAKE_SYMLINK_INSTALL=1 -DCMAKE_INSTALL_PREFIX=/home/gunwon/last_ws/install/articubot_one
[0.354s] Invoking command in '/home/gunwon/last_ws/build/articubot_one': CMAKE_PREFIX_PATH=${CMAKE_PREFIX_PATH}:/opt/ros/foxy /usr/bin/cmake --build /home/gunwon/last_ws/build/articubot_one -- -j12 -l12
[0.379s] Invoked command in '/home/gunwon/last_ws/build/articubot_one' returned '0': CMAKE_PREFIX_PATH=${CMAKE_PREFIX_PATH}:/opt/ros/foxy /usr/bin/cmake --build /home/gunwon/last_ws/build/articubot_one -- -j12 -l12
[0.401s] Invoking command in '/home/gunwon/last_ws/build/articubot_one': CMAKE_PREFIX_PATH=${CMAKE_PREFIX_PATH}:/opt/ros/foxy /usr/bin/cmake --install /home/gunwon/last_ws/build/articubot_one
[0.406s] -- Install configuration: ""
[0.407s] -- Execute custom install script
[0.407s] -- Symlinking: /home/gunwon/last_ws/install/articubot_one/share/articubot_one/config/drive_bot.rviz
[0.413s] -- Symlinking: /home/gunwon/last_ws/install/articubot_one/share/articubot_one/config/empty.yaml
[0.419s] -- Symlinking: /home/gunwon/last_ws/install/articubot_one/share/articubot_one/config/gaz_ros2_ctl_use_sim.yaml
[0.426s] -- Symlinking: /home/gunwon/last_ws/install/articubot_one/share/articubot_one/config/gazebo_params.yaml
[0.434s] -- Symlinking: /home/gunwon/last_ws/install/articubot_one/share/articubot_one/config/joystick.yaml
[0.441s] -- Symlinking: /home/gunwon/last_ws/install/articubot_one/share/articubot_one/config/main.rviz
[0.449s] -- Symlinking: /home/gunwon/last_ws/install/articubot_one/share/articubot_one/config/map.rviz
[0.455s] -- Symlinking: /home/gunwon/last_ws/install/articubot_one/share/articubot_one/config/mapper_params_online_async.yaml
[0.460s] -- Symlinking: /home/gunwon/last_ws/install/articubot_one/share/articubot_one/config/my_controllers.yaml
[0.466s] -- Symlinking: /home/gunwon/last_ws/install/articubot_one/share/articubot_one/config/nav2_params.yaml
[0.471s] -- Symlinking: /home/gunwon/last_ws/install/articubot_one/share/articubot_one/config/twist_mux.yaml
[0.477s] -- Symlinking: /home/gunwon/last_ws/install/articubot_one/share/articubot_one/config/view_bot.rviz
[0.483s] -- Symlinking: /home/gunwon/last_ws/install/articubot_one/share/articubot_one/description/camera.xacro
[0.489s] -- Symlinking: /home/gunwon/last_ws/install/articubot_one/share/articubot_one/description/depth_camera.xacro
[0.495s] -- Symlinking: /home/gunwon/last_ws/install/articubot_one/share/articubot_one/description/face.xacro
[0.501s] -- Symlinking: /home/gunwon/last_ws/install/articubot_one/share/articubot_one/description/gazebo_control.xacro
[0.506s] -- Symlinking: /home/gunwon/last_ws/install/articubot_one/share/articubot_one/description/inertial_macros.xacro
[0.512s] -- Symlinking: /home/gunwon/last_ws/install/articubot_one/share/articubot_one/description/lidar.xacro
[0.517s] -- Symlinking: /home/gunwon/last_ws/install/articubot_one/share/articubot_one/description/robot.urdf.xacro
[0.523s] -- Symlinking: /home/gunwon/last_ws/install/articubot_one/share/articubot_one/description/robot_core.xacro
[0.529s] -- Symlinking: /home/gunwon/last_ws/install/articubot_one/share/articubot_one/description/ros2_control.xacro
[0.535s] -- Symlinking: /home/gunwon/last_ws/install/articubot_one/share/articubot_one/launch/camera.launch.py
[0.541s] -- Symlinking: /home/gunwon/last_ws/install/articubot_one/share/articubot_one/launch/joystick.launch.py
[0.546s] -- Symlinking: /home/gunwon/last_ws/install/articubot_one/share/articubot_one/launch/launch_robot.launch.py
[0.552s] -- Symlinking: /home/gunwon/last_ws/install/articubot_one/share/articubot_one/launch/launch_sim.launch.py
[0.558s] -- Symlinking: /home/gunwon/last_ws/install/articubot_one/share/articubot_one/launch/localization_launch.py
[0.563s] -- Symlinking: /home/gunwon/last_ws/install/articubot_one/share/articubot_one/launch/navigation_launch.py
[0.569s] -- Symlinking: /home/gunwon/last_ws/install/articubot_one/share/articubot_one/launch/online_async_launch.py
[0.574s] -- Symlinking: /home/gunwon/last_ws/install/articubot_one/share/articubot_one/launch/rplidar.launch.py
[0.580s] -- Symlinking: /home/gunwon/last_ws/install/articubot_one/share/articubot_one/launch/rsp.launch.py
[0.586s] -- Symlinking: /home/gunwon/last_ws/install/articubot_one/share/articubot_one/worlds/empty.world
[0.591s] -- Symlinking: /home/gunwon/last_ws/install/articubot_one/share/articubot_one/worlds/obstacles.world
[0.597s] -- Symlinking: /home/gunwon/last_ws/install/articubot_one/share/ament_index/resource_index/package_run_dependencies/articubot_one
[0.603s] -- Symlinking: /home/gunwon/last_ws/install/articubot_one/share/ament_index/resource_index/parent_prefix_path/articubot_one
[0.609s] -- Symlinking: /home/gunwon/last_ws/install/articubot_one/share/articubot_one/environment/ament_prefix_path.sh
[0.615s] -- Symlinking: /home/gunwon/last_ws/install/articubot_one/share/articubot_one/environment/ament_prefix_path.dsv
[0.620s] -- Symlinking: /home/gunwon/last_ws/install/articubot_one/share/articubot_one/environment/path.sh
[0.626s] -- Symlinking: /home/gunwon/last_ws/install/articubot_one/share/articubot_one/environment/path.dsv
[0.632s] -- Symlinking: /home/gunwon/last_ws/install/articubot_one/share/articubot_one/local_setup.bash
[0.638s] -- Symlinking: /home/gunwon/last_ws/install/articubot_one/share/articubot_one/local_setup.sh
[0.644s] -- Symlinking: /home/gunwon/last_ws/install/articubot_one/share/articubot_one/local_setup.zsh
[0.650s] -- Symlinking: /home/gunwon/last_ws/install/articubot_one/share/articubot_one/local_setup.dsv
[0.656s] -- Symlinking: /home/gunwon/last_ws/install/articubot_one/share/articubot_one/package.dsv
[0.661s] -- Symlinking: /home/gunwon/last_ws/install/articubot_one/share/ament_index/resource_index/packages/articubot_one
[0.667s] -- Symlinking: /home/gunwon/last_ws/install/articubot_one/share/articubot_one/cmake/articubot_oneConfig.cmake
[0.672s] -- Symlinking: /home/gunwon/last_ws/install/articubot_one/share/articubot_one/cmake/articubot_oneConfig-version.cmake
[0.678s] -- Symlinking: /home/gunwon/last_ws/install/articubot_one/share/articubot_one/package.xml
[0.685s] Invoked command in '/home/gunwon/last_ws/build/articubot_one' returned '0': CMAKE_PREFIX_PATH=${CMAKE_PREFIX_PATH}:/opt/ros/foxy /usr/bin/cmake --install /home/gunwon/last_ws/build/articubot_one
