[4.738s] DEBUG:colcon:Command line arguments: ['/usr/bin/colcon', 'build', '--symlink-install']
[4.738s] DEBUG:colcon:Parsed command line arguments: Namespace(allow_overriding=[], ament_cmake_args=None, base_paths=['.'], build_base='build', catkin_cmake_args=None, catkin_skip_building_tests=False, cmake_args=None, cmake_clean_cache=False, cmake_clean_first=False, cmake_force_configure=False, cmake_target=None, cmake_target_skip_unavailable=False, continue_on_error=False, event_handlers=None, executor='parallel', ignore_user_meta=False, install_base='install', log_base=None, log_level=None, main=<bound method BuildVerb.main of <colcon_core.verb.build.BuildVerb object at 0x7f8d07670f10>>, merge_install=False, metas=['./colcon.meta'], packages_above=None, packages_above_and_dependencies=None, packages_above_depth=None, packages_end=None, packages_ignore=None, packages_ignore_regex=None, packages_select=None, packages_select_build_failed=False, packages_select_by_dep=None, packages_select_regex=None, packages_select_test_failures=False, packages_skip=None, packages_skip_build_finished=False, packages_skip_by_dep=None, packages_skip_regex=None, packages_skip_test_passed=False, packages_skip_up_to=None, packages_start=None, packages_up_to=None, packages_up_to_regex=None, parallel_workers=12, paths=None, symlink_install=True, test_result_base=None, verb_extension=<colcon_core.verb.build.BuildVerb object at 0x7f8d07670f10>, verb_name='build', verb_parser=<colcon_defaults.argument_parser.defaults.DefaultArgumentsDecorator object at 0x7f8d07332df0>)
[4.958s] Level 1:colcon.colcon_core.package_discovery:discover_packages(colcon_meta) check parameters
[4.958s] Level 1:colcon.colcon_core.package_discovery:discover_packages(recursive) check parameters
[4.958s] Level 1:colcon.colcon_core.package_discovery:discover_packages(ignore) check parameters
[4.958s] Level 1:colcon.colcon_core.package_discovery:discover_packages(path) check parameters
[4.958s] Level 1:colcon.colcon_core.package_discovery:discover_packages(colcon_meta) discover
[4.958s] Level 1:colcon.colcon_core.package_discovery:discover_packages(recursive) discover
[4.958s] INFO:colcon.colcon_core.package_discovery:Crawling recursively for packages in '/home/gunwon/last_ws'
[4.958s] Level 1:colcon.colcon_core.package_identification:_identify(.) by extensions ['ignore', 'ignore_ament_install']
[4.959s] Level 1:colcon.colcon_core.package_identification:_identify(.) by extension 'ignore'
[4.959s] Level 1:colcon.colcon_core.package_identification:_identify(.) by extension 'ignore_ament_install'
[4.959s] Level 1:colcon.colcon_core.package_identification:_identify(.) by extensions ['colcon_pkg']
[4.959s] Level 1:colcon.colcon_core.package_identification:_identify(.) by extension 'colcon_pkg'
[4.959s] Level 1:colcon.colcon_core.package_identification:_identify(.) by extensions ['colcon_meta']
[4.959s] Level 1:colcon.colcon_core.package_identification:_identify(.) by extension 'colcon_meta'
[4.959s] Level 1:colcon.colcon_core.package_identification:_identify(.) by extensions ['ros']
[4.959s] Level 1:colcon.colcon_core.package_identification:_identify(.) by extension 'ros'
[4.984s] Level 1:colcon.colcon_core.package_identification:_identify(.) by extensions ['cmake', 'python']
[4.984s] Level 1:colcon.colcon_core.package_identification:_identify(.) by extension 'cmake'
[4.984s] Level 1:colcon.colcon_core.package_identification:_identify(.) by extension 'python'
[4.984s] Level 1:colcon.colcon_core.package_identification:_identify(.) by extensions ['python_setup_py']
[4.984s] Level 1:colcon.colcon_core.package_identification:_identify(.) by extension 'python_setup_py'
[4.985s] Level 1:colcon.colcon_core.package_identification:_identify(build) by extensions ['ignore', 'ignore_ament_install']
[4.985s] Level 1:colcon.colcon_core.package_identification:_identify(build) by extension 'ignore'
[4.985s] Level 1:colcon.colcon_core.package_identification:_identify(build) ignored
[4.985s] Level 1:colcon.colcon_core.package_identification:_identify(install) by extensions ['ignore', 'ignore_ament_install']
[4.985s] Level 1:colcon.colcon_core.package_identification:_identify(install) by extension 'ignore'
[4.985s] Level 1:colcon.colcon_core.package_identification:_identify(install) ignored
[4.985s] Level 1:colcon.colcon_core.package_identification:_identify(log) by extensions ['ignore', 'ignore_ament_install']
[4.986s] Level 1:colcon.colcon_core.package_identification:_identify(log) by extension 'ignore'
[4.986s] Level 1:colcon.colcon_core.package_identification:_identify(log) ignored
[4.986s] Level 1:colcon.colcon_core.package_identification:_identify(src) by extensions ['ignore', 'ignore_ament_install']
[4.986s] Level 1:colcon.colcon_core.package_identification:_identify(src) by extension 'ignore'
[4.986s] Level 1:colcon.colcon_core.package_identification:_identify(src) by extension 'ignore_ament_install'
[4.986s] Level 1:colcon.colcon_core.package_identification:_identify(src) by extensions ['colcon_pkg']
[4.986s] Level 1:colcon.colcon_core.package_identification:_identify(src) by extension 'colcon_pkg'
[4.986s] Level 1:colcon.colcon_core.package_identification:_identify(src) by extensions ['colcon_meta']
[4.986s] Level 1:colcon.colcon_core.package_identification:_identify(src) by extension 'colcon_meta'
[4.986s] Level 1:colcon.colcon_core.package_identification:_identify(src) by extensions ['ros']
[4.986s] Level 1:colcon.colcon_core.package_identification:_identify(src) by extension 'ros'
[4.986s] Level 1:colcon.colcon_core.package_identification:_identify(src) by extensions ['cmake', 'python']
[4.986s] Level 1:colcon.colcon_core.package_identification:_identify(src) by extension 'cmake'
[4.986s] Level 1:colcon.colcon_core.package_identification:_identify(src) by extension 'python'
[4.987s] Level 1:colcon.colcon_core.package_identification:_identify(src) by extensions ['python_setup_py']
[4.987s] Level 1:colcon.colcon_core.package_identification:_identify(src) by extension 'python_setup_py'
[4.987s] Level 1:colcon.colcon_core.package_identification:_identify(src/articubot_one) by extensions ['ignore', 'ignore_ament_install']
[4.987s] Level 1:colcon.colcon_core.package_identification:_identify(src/articubot_one) by extension 'ignore'
[4.987s] Level 1:colcon.colcon_core.package_identification:_identify(src/articubot_one) by extension 'ignore_ament_install'
[4.988s] Level 1:colcon.colcon_core.package_identification:_identify(src/articubot_one) by extensions ['colcon_pkg']
[4.988s] Level 1:colcon.colcon_core.package_identification:_identify(src/articubot_one) by extension 'colcon_pkg'
[4.988s] Level 1:colcon.colcon_core.package_identification:_identify(src/articubot_one) by extensions ['colcon_meta']
[4.988s] Level 1:colcon.colcon_core.package_identification:_identify(src/articubot_one) by extension 'colcon_meta'
[4.988s] Level 1:colcon.colcon_core.package_identification:_identify(src/articubot_one) by extensions ['ros']
[4.988s] Level 1:colcon.colcon_core.package_identification:_identify(src/articubot_one) by extension 'ros'
[4.992s] DEBUG:colcon.colcon_core.package_identification:Package 'src/articubot_one' with type 'ros.ament_cmake' and name 'articubot_one'
[4.992s] Level 1:colcon.colcon_core.package_discovery:discover_packages(recursive) using defaults
[4.992s] Level 1:colcon.colcon_core.package_discovery:discover_packages(ignore) discover
[4.992s] Level 1:colcon.colcon_core.package_discovery:discover_packages(ignore) using defaults
[4.992s] Level 1:colcon.colcon_core.package_discovery:discover_packages(path) discover
[4.992s] Level 1:colcon.colcon_core.package_discovery:discover_packages(path) using defaults
[5.106s] Level 1:colcon.colcon_core.package_discovery:discover_packages(prefix_path) check parameters
[5.106s] Level 1:colcon.colcon_core.package_discovery:discover_packages(prefix_path) discover
[5.147s] DEBUG:colcon.colcon_installed_package_information.package_discovery:Found 1 installed packages in /home/gunwon/last_ws/install
[5.168s] DEBUG:colcon.colcon_installed_package_information.package_discovery:Found 376 installed packages in /opt/ros/foxy
[5.169s] Level 1:colcon.colcon_core.package_discovery:discover_packages(prefix_path) using defaults
[5.299s] Level 5:colcon.colcon_core.verb:set package 'articubot_one' build argument 'cmake_args' from command line to 'None'
[5.299s] Level 5:colcon.colcon_core.verb:set package 'articubot_one' build argument 'cmake_target' from command line to 'None'
[5.299s] Level 5:colcon.colcon_core.verb:set package 'articubot_one' build argument 'cmake_target_skip_unavailable' from command line to 'False'
[5.299s] Level 5:colcon.colcon_core.verb:set package 'articubot_one' build argument 'cmake_clean_cache' from command line to 'False'
[5.299s] Level 5:colcon.colcon_core.verb:set package 'articubot_one' build argument 'cmake_clean_first' from command line to 'False'
[5.299s] Level 5:colcon.colcon_core.verb:set package 'articubot_one' build argument 'cmake_force_configure' from command line to 'False'
[5.299s] Level 5:colcon.colcon_core.verb:set package 'articubot_one' build argument 'ament_cmake_args' from command line to 'None'
[5.299s] Level 5:colcon.colcon_core.verb:set package 'articubot_one' build argument 'catkin_cmake_args' from command line to 'None'
[5.299s] Level 5:colcon.colcon_core.verb:set package 'articubot_one' build argument 'catkin_skip_building_tests' from command line to 'False'
[5.300s] DEBUG:colcon.colcon_core.verb:Building package 'articubot_one' with the following arguments: {'ament_cmake_args': None, 'build_base': '/home/gunwon/last_ws/build/articubot_one', 'catkin_cmake_args': None, 'catkin_skip_building_tests': False, 'cmake_args': None, 'cmake_clean_cache': False, 'cmake_clean_first': False, 'cmake_force_configure': False, 'cmake_target': None, 'cmake_target_skip_unavailable': False, 'install_base': '/home/gunwon/last_ws/install/articubot_one', 'merge_install': False, 'path': '/home/gunwon/last_ws/src/articubot_one', 'symlink_install': True, 'test_result_base': None}
[5.316s] INFO:colcon.colcon_core.executor:Executing jobs using 'parallel' executor
[5.340s] DEBUG:colcon.colcon_parallel_executor.executor.parallel:run_until_complete
[5.341s] INFO:colcon.colcon_ros.task.ament_cmake.build:Building ROS package in '/home/gunwon/last_ws/src/articubot_one' with build type 'ament_cmake'
[5.341s] INFO:colcon.colcon_cmake.task.cmake.build:Building CMake package in '/home/gunwon/last_ws/src/articubot_one'
[5.362s] INFO:colcon.colcon_core.plugin_system:Skipping extension 'colcon_core.shell.bat': Not used on non-Windows systems
[5.363s] INFO:colcon.colcon_core.shell:Skip shell extension 'powershell' for command environment: Not usable outside of PowerShell
[5.363s] DEBUG:colcon.colcon_core.shell:Skip shell extension 'dsv' for command environment
[5.440s] DEBUG:colcon.colcon_core.event_handler.log_command:Invoking command in '/home/gunwon/last_ws/build/articubot_one': CMAKE_PREFIX_PATH=${CMAKE_PREFIX_PATH}:/opt/ros/foxy /usr/bin/cmake /home/gunwon/last_ws/src/articubot_one -DAMENT_CMAKE_SYMLINK_INSTALL=1 -DCMAKE_INSTALL_PREFIX=/home/gunwon/last_ws/install/articubot_one
[5.914s] DEBUG:colcon.colcon_core.event_handler.log_command:Invoked command in '/home/gunwon/last_ws/build/articubot_one' returned '0': CMAKE_PREFIX_PATH=${CMAKE_PREFIX_PATH}:/opt/ros/foxy /usr/bin/cmake /home/gunwon/last_ws/src/articubot_one -DAMENT_CMAKE_SYMLINK_INSTALL=1 -DCMAKE_INSTALL_PREFIX=/home/gunwon/last_ws/install/articubot_one
[5.918s] DEBUG:colcon.colcon_core.event_handler.log_command:Invoking command in '/home/gunwon/last_ws/build/articubot_one': CMAKE_PREFIX_PATH=${CMAKE_PREFIX_PATH}:/opt/ros/foxy /usr/bin/cmake --build /home/gunwon/last_ws/build/articubot_one -- -j12 -l12
[5.972s] DEBUG:colcon.colcon_core.event_handler.log_command:Invoked command in '/home/gunwon/last_ws/build/articubot_one' returned '0': CMAKE_PREFIX_PATH=${CMAKE_PREFIX_PATH}:/opt/ros/foxy /usr/bin/cmake --build /home/gunwon/last_ws/build/articubot_one -- -j12 -l12
[6.009s] DEBUG:colcon.colcon_core.event_handler.log_command:Invoking command in '/home/gunwon/last_ws/build/articubot_one': CMAKE_PREFIX_PATH=${CMAKE_PREFIX_PATH}:/opt/ros/foxy /usr/bin/cmake --install /home/gunwon/last_ws/build/articubot_one
[6.051s] Level 1:colcon.colcon_core.environment:create_environment_scripts_only(articubot_one)
[6.052s] DEBUG:colcon.colcon_core.event_handler.log_command:Invoked command in '/home/gunwon/last_ws/build/articubot_one' returned '0': CMAKE_PREFIX_PATH=${CMAKE_PREFIX_PATH}:/opt/ros/foxy /usr/bin/cmake --install /home/gunwon/last_ws/build/articubot_one
[6.085s] Level 1:colcon.colcon_core.environment:checking '/home/gunwon/last_ws/install/articubot_one' for CMake module files
[6.088s] Level 1:colcon.colcon_core.environment:checking '/home/gunwon/last_ws/install/articubot_one' for CMake config files
[6.090s] Level 1:colcon.colcon_core.shell:create_environment_hook('articubot_one', 'cmake_prefix_path')
[6.116s] INFO:colcon.colcon_core.shell:Creating environment hook '/home/gunwon/last_ws/install/articubot_one/share/articubot_one/hook/cmake_prefix_path.ps1'
[6.117s] INFO:colcon.colcon_core.shell:Creating environment descriptor '/home/gunwon/last_ws/install/articubot_one/share/articubot_one/hook/cmake_prefix_path.dsv'
[6.117s] INFO:colcon.colcon_core.shell:Creating environment hook '/home/gunwon/last_ws/install/articubot_one/share/articubot_one/hook/cmake_prefix_path.sh'
[6.120s] Level 1:colcon.colcon_core.environment:checking '/home/gunwon/last_ws/install/articubot_one/bin'
[6.121s] Level 1:colcon.colcon_core.environment:checking '/home/gunwon/last_ws/install/articubot_one/lib/pkgconfig/articubot_one.pc'
[6.121s] Level 1:colcon.colcon_core.environment:checking '/home/gunwon/last_ws/install/articubot_one/lib/python3.8/site-packages'
[6.121s] Level 1:colcon.colcon_core.environment:checking '/home/gunwon/last_ws/install/articubot_one/bin'
[6.148s] INFO:colcon.colcon_core.shell:Creating package script '/home/gunwon/last_ws/install/articubot_one/share/articubot_one/package.ps1'
[6.148s] INFO:colcon.colcon_core.shell:Creating package descriptor '/home/gunwon/last_ws/install/articubot_one/share/articubot_one/package.dsv'
[6.150s] INFO:colcon.colcon_core.shell:Creating package script '/home/gunwon/last_ws/install/articubot_one/share/articubot_one/package.sh'
[6.155s] INFO:colcon.colcon_core.shell:Creating package script '/home/gunwon/last_ws/install/articubot_one/share/articubot_one/package.bash'
[6.156s] INFO:colcon.colcon_core.shell:Creating package script '/home/gunwon/last_ws/install/articubot_one/share/articubot_one/package.zsh'
[6.158s] Level 1:colcon.colcon_core.environment:create_file_with_runtime_dependencies(/home/gunwon/last_ws/install/articubot_one/share/colcon-core/packages/articubot_one)
[6.209s] Level 1:colcon.colcon_core.environment:create_environment_scripts_only(articubot_one)
[6.240s] Level 1:colcon.colcon_core.environment:checking '/home/gunwon/last_ws/install/articubot_one' for CMake module files
[6.241s] Level 1:colcon.colcon_core.environment:checking '/home/gunwon/last_ws/install/articubot_one' for CMake config files
[6.241s] Level 1:colcon.colcon_core.shell:create_environment_hook('articubot_one', 'cmake_prefix_path')
[6.260s] INFO:colcon.colcon_core.shell:Creating environment hook '/home/gunwon/last_ws/install/articubot_one/share/articubot_one/hook/cmake_prefix_path.ps1'
[6.261s] INFO:colcon.colcon_core.shell:Creating environment descriptor '/home/gunwon/last_ws/install/articubot_one/share/articubot_one/hook/cmake_prefix_path.dsv'
[6.261s] INFO:colcon.colcon_core.shell:Creating environment hook '/home/gunwon/last_ws/install/articubot_one/share/articubot_one/hook/cmake_prefix_path.sh'
[6.265s] Level 1:colcon.colcon_core.environment:checking '/home/gunwon/last_ws/install/articubot_one/bin'
[6.266s] Level 1:colcon.colcon_core.environment:checking '/home/gunwon/last_ws/install/articubot_one/lib/pkgconfig/articubot_one.pc'
[6.267s] Level 1:colcon.colcon_core.environment:checking '/home/gunwon/last_ws/install/articubot_one/lib/python3.8/site-packages'
[6.268s] Level 1:colcon.colcon_core.environment:checking '/home/gunwon/last_ws/install/articubot_one/bin'
[6.292s] INFO:colcon.colcon_core.shell:Creating package script '/home/gunwon/last_ws/install/articubot_one/share/articubot_one/package.ps1'
[6.293s] INFO:colcon.colcon_core.shell:Creating package descriptor '/home/gunwon/last_ws/install/articubot_one/share/articubot_one/package.dsv'
[6.294s] INFO:colcon.colcon_core.shell:Creating package script '/home/gunwon/last_ws/install/articubot_one/share/articubot_one/package.sh'
[6.295s] INFO:colcon.colcon_core.shell:Creating package script '/home/gunwon/last_ws/install/articubot_one/share/articubot_one/package.bash'
[6.295s] INFO:colcon.colcon_core.shell:Creating package script '/home/gunwon/last_ws/install/articubot_one/share/articubot_one/package.zsh'
[6.296s] Level 1:colcon.colcon_core.environment:create_file_with_runtime_dependencies(/home/gunwon/last_ws/install/articubot_one/share/colcon-core/packages/articubot_one)
[6.296s] DEBUG:colcon.colcon_parallel_executor.executor.parallel:closing loop
[6.297s] DEBUG:colcon.colcon_parallel_executor.executor.parallel:loop closed
[6.297s] DEBUG:colcon.colcon_parallel_executor.executor.parallel:run_until_complete finished with '0'
[6.297s] DEBUG:colcon.colcon_core.event_reactor:joining thread
[6.316s] INFO:colcon.colcon_core.plugin_system:Skipping extension 'colcon_notification.desktop_notification.terminal_notifier': Not used on non-Darwin systems
[6.316s] INFO:colcon.colcon_core.plugin_system:Skipping extension 'colcon_notification.desktop_notification.win32': Not used on non-Windows systems
[6.316s] INFO:colcon.colcon_notification.desktop_notification:Sending desktop notification using 'notify2'
[6.339s] DEBUG:colcon.colcon_core.event_reactor:joined thread
[6.370s] INFO:colcon.colcon_core.shell:Creating prefix script '/home/gunwon/last_ws/install/local_setup.ps1'
[6.372s] INFO:colcon.colcon_core.shell:Creating prefix util module '/home/gunwon/last_ws/install/_local_setup_util_ps1.py'
[6.376s] INFO:colcon.colcon_core.shell:Creating prefix chain script '/home/gunwon/last_ws/install/setup.ps1'
[6.399s] INFO:colcon.colcon_core.shell:Creating prefix script '/home/gunwon/last_ws/install/local_setup.sh'
[6.399s] INFO:colcon.colcon_core.shell:Creating prefix util module '/home/gunwon/last_ws/install/_local_setup_util_sh.py'
[6.400s] INFO:colcon.colcon_core.shell:Creating prefix chain script '/home/gunwon/last_ws/install/setup.sh'
[6.418s] INFO:colcon.colcon_core.shell:Creating prefix script '/home/gunwon/last_ws/install/local_setup.bash'
[6.419s] INFO:colcon.colcon_core.shell:Creating prefix chain script '/home/gunwon/last_ws/install/setup.bash'
[6.446s] INFO:colcon.colcon_core.shell:Creating prefix script '/home/gunwon/last_ws/install/local_setup.zsh'
[6.446s] INFO:colcon.colcon_core.shell:Creating prefix chain script '/home/gunwon/last_ws/install/setup.zsh'
