[0.133s] Invoking command in '/home/gunwon/last_ws/build/articubot_one': CMAKE_PREFIX_PATH=${CMAKE_PREFIX_PATH}:/opt/ros/foxy /usr/bin/cmake /home/gunwon/last_ws/src/articubot_one -DCMAKE_INSTALL_PREFIX=/home/gunwon/last_ws/install/articubot_one
[0.171s] -- Found ament_cmake: 0.9.12 (/opt/ros/foxy/share/ament_cmake/cmake)
[0.190s] -- Using PYTHON_EXECUTABLE: /usr/bin/python3
[0.326s] -- Override CMake install command with custom implementation using symlinks instead of copying resources
[0.340s] -- Found ament_lint_auto: 0.9.8 (/opt/ros/foxy/share/ament_lint_auto/cmake)
[0.396s] -- Added test 'copyright' to check source files copyright and LICENSE
[0.398s] -- Added test 'flake8' to check Python code syntax and style conventions
[0.399s] -- Added test 'lint_cmake' to check CMake code style
[0.399s] -- Added test 'pep257' to check Python code against some of the style conventions in PEP 257
[0.400s] -- Added test 'xmllint' to check XML markup files
[0.402s] -- Configuring done
[0.406s] -- Generating done
[0.406s] -- Build files have been written to: /home/gunwon/last_ws/build/articubot_one
[0.410s] Invoked command in '/home/gunwon/last_ws/build/articubot_one' returned '0': CMAKE_PREFIX_PATH=${CMAKE_PREFIX_PATH}:/opt/ros/foxy /usr/bin/cmake /home/gunwon/last_ws/src/articubot_one -DCMAKE_INSTALL_PREFIX=/home/gunwon/last_ws/install/articubot_one
[0.411s] Invoking command in '/home/gunwon/last_ws/build/articubot_one': CMAKE_PREFIX_PATH=${CMAKE_PREFIX_PATH}:/opt/ros/foxy /usr/bin/cmake --build /home/gunwon/last_ws/build/articubot_one -- -j12 -l12
[0.438s] Invoked command in '/home/gunwon/last_ws/build/articubot_one' returned '0': CMAKE_PREFIX_PATH=${CMAKE_PREFIX_PATH}:/opt/ros/foxy /usr/bin/cmake --build /home/gunwon/last_ws/build/articubot_one -- -j12 -l12
[0.460s] Invoking command in '/home/gunwon/last_ws/build/articubot_one': CMAKE_PREFIX_PATH=${CMAKE_PREFIX_PATH}:/opt/ros/foxy /usr/bin/cmake --install /home/gunwon/last_ws/build/articubot_one
[0.465s] -- Install configuration: ""
[0.465s] -- Execute custom install script
[0.466s] -- Up-to-date symlink: /home/gunwon/last_ws/install/articubot_one/share/articubot_one/config/drive_bot.rviz
[0.466s] -- Up-to-date symlink: /home/gunwon/last_ws/install/articubot_one/share/articubot_one/config/empty.yaml
[0.466s] -- Up-to-date symlink: /home/gunwon/last_ws/install/articubot_one/share/articubot_one/config/gaz_ros2_ctl_use_sim.yaml
[0.466s] -- Up-to-date symlink: /home/gunwon/last_ws/install/articubot_one/share/articubot_one/config/gazebo_params.yaml
[0.467s] -- Up-to-date symlink: /home/gunwon/last_ws/install/articubot_one/share/articubot_one/config/joystick.yaml
[0.467s] -- Up-to-date symlink: /home/gunwon/last_ws/install/articubot_one/share/articubot_one/config/main.rviz
[0.467s] -- Up-to-date symlink: /home/gunwon/last_ws/install/articubot_one/share/articubot_one/config/map.rviz
[0.467s] -- Up-to-date symlink: /home/gunwon/last_ws/install/articubot_one/share/articubot_one/config/mapper_params_online_async.yaml
[0.467s] -- Up-to-date symlink: /home/gunwon/last_ws/install/articubot_one/share/articubot_one/config/my_controllers.yaml
[0.467s] -- Up-to-date symlink: /home/gunwon/last_ws/install/articubot_one/share/articubot_one/config/nav2_params.yaml
[0.467s] -- Up-to-date symlink: /home/gunwon/last_ws/install/articubot_one/share/articubot_one/config/twist_mux.yaml
[0.467s] -- Up-to-date symlink: /home/gunwon/last_ws/install/articubot_one/share/articubot_one/config/view_bot.rviz
[0.467s] -- Up-to-date symlink: /home/gunwon/last_ws/install/articubot_one/share/articubot_one/description/camera.xacro
[0.468s] -- Up-to-date symlink: /home/gunwon/last_ws/install/articubot_one/share/articubot_one/description/depth_camera.xacro
[0.468s] -- Up-to-date symlink: /home/gunwon/last_ws/install/articubot_one/share/articubot_one/description/face.xacro
[0.468s] -- Up-to-date symlink: /home/gunwon/last_ws/install/articubot_one/share/articubot_one/description/gazebo_control.xacro
[0.468s] -- Up-to-date symlink: /home/gunwon/last_ws/install/articubot_one/share/articubot_one/description/inertial_macros.xacro
[0.468s] -- Up-to-date symlink: /home/gunwon/last_ws/install/articubot_one/share/articubot_one/description/lidar.xacro
[0.468s] -- Up-to-date symlink: /home/gunwon/last_ws/install/articubot_one/share/articubot_one/description/robot.urdf.xacro
[0.468s] -- Up-to-date symlink: /home/gunwon/last_ws/install/articubot_one/share/articubot_one/description/robot_core.xacro
[0.468s] -- Up-to-date symlink: /home/gunwon/last_ws/install/articubot_one/share/articubot_one/description/ros2_control.xacro
[0.469s] -- Up-to-date symlink: /home/gunwon/last_ws/install/articubot_one/share/articubot_one/launch/camera.launch.py
[0.469s] -- Up-to-date symlink: /home/gunwon/last_ws/install/articubot_one/share/articubot_one/launch/joystick.launch.py
[0.469s] -- Up-to-date symlink: /home/gunwon/last_ws/install/articubot_one/share/articubot_one/launch/launch_robot.launch.py
[0.469s] -- Up-to-date symlink: /home/gunwon/last_ws/install/articubot_one/share/articubot_one/launch/launch_sim.launch.py
[0.469s] -- Up-to-date symlink: /home/gunwon/last_ws/install/articubot_one/share/articubot_one/launch/localization_launch.py
[0.469s] -- Up-to-date symlink: /home/gunwon/last_ws/install/articubot_one/share/articubot_one/launch/navigation_launch.py
[0.469s] -- Up-to-date symlink: /home/gunwon/last_ws/install/articubot_one/share/articubot_one/launch/online_async_launch.py
[0.469s] -- Up-to-date symlink: /home/gunwon/last_ws/install/articubot_one/share/articubot_one/launch/rplidar.launch.py
[0.470s] -- Up-to-date symlink: /home/gunwon/last_ws/install/articubot_one/share/articubot_one/launch/rsp.launch.py
[0.470s] -- Up-to-date symlink: /home/gunwon/last_ws/install/articubot_one/share/articubot_one/worlds/empty.world
[0.470s] -- Up-to-date symlink: /home/gunwon/last_ws/install/articubot_one/share/articubot_one/worlds/obstacles.world
[0.470s] -- Up-to-date symlink: /home/gunwon/last_ws/install/articubot_one/share/ament_index/resource_index/package_run_dependencies/articubot_one
[0.470s] -- Up-to-date symlink: /home/gunwon/last_ws/install/articubot_one/share/ament_index/resource_index/parent_prefix_path/articubot_one
[0.471s] -- Up-to-date symlink: /home/gunwon/last_ws/install/articubot_one/share/articubot_one/environment/ament_prefix_path.sh
[0.471s] -- Up-to-date symlink: /home/gunwon/last_ws/install/articubot_one/share/articubot_one/environment/ament_prefix_path.dsv
[0.471s] -- Up-to-date symlink: /home/gunwon/last_ws/install/articubot_one/share/articubot_one/environment/path.sh
[0.471s] -- Up-to-date symlink: /home/gunwon/last_ws/install/articubot_one/share/articubot_one/environment/path.dsv
[0.471s] -- Up-to-date symlink: /home/gunwon/last_ws/install/articubot_one/share/articubot_one/local_setup.bash
[0.471s] -- Up-to-date symlink: /home/gunwon/last_ws/install/articubot_one/share/articubot_one/local_setup.sh
[0.472s] -- Up-to-date symlink: /home/gunwon/last_ws/install/articubot_one/share/articubot_one/local_setup.zsh
[0.472s] -- Up-to-date symlink: /home/gunwon/last_ws/install/articubot_one/share/articubot_one/local_setup.dsv
[0.472s] -- Symlinking: /home/gunwon/last_ws/install/articubot_one/share/articubot_one/package.dsv
[0.478s] -- Up-to-date symlink: /home/gunwon/last_ws/install/articubot_one/share/ament_index/resource_index/packages/articubot_one
[0.478s] -- Up-to-date symlink: /home/gunwon/last_ws/install/articubot_one/share/articubot_one/cmake/articubot_oneConfig.cmake
[0.479s] -- Up-to-date symlink: /home/gunwon/last_ws/install/articubot_one/share/articubot_one/cmake/articubot_oneConfig-version.cmake
[0.479s] -- Up-to-date symlink: /home/gunwon/last_ws/install/articubot_one/share/articubot_one/package.xml
[0.480s] Invoked command in '/home/gunwon/last_ws/build/articubot_one' returned '0': CMAKE_PREFIX_PATH=${CMAKE_PREFIX_PATH}:/opt/ros/foxy /usr/bin/cmake --install /home/gunwon/last_ws/build/articubot_one
