[0.100s] Invoking command in '/home/gunwon/last_ws/build/articubot_one': CMAKE_PREFIX_PATH=/opt/ros/foxy /usr/bin/cmake /home/gunwon/last_ws/src/articubot_one -DCMAKE_INSTALL_PREFIX=/home/gunwon/last_ws/install/articubot_one
[0.274s] -- The C compiler identification is GNU 9.4.0
[0.468s] -- The CXX compiler identification is GNU 9.4.0
[0.475s] -- Check for working C compiler: /usr/bin/cc
[0.531s] -- Check for working C compiler: /usr/bin/cc -- works
[0.533s] -- Detecting C compiler ABI info
[0.587s] -- Detecting C compiler ABI info - done
[0.597s] -- Detecting C compile features
[0.598s] -- Detecting C compile features - done
[0.601s] -- Check for working CXX compiler: /usr/bin/c++
[0.663s] -- Check for working CXX compiler: /usr/bin/c++ -- works
[0.664s] -- Detecting CXX compiler ABI info
[0.721s] -- Detecting CXX compiler ABI info - done
[0.732s] -- Detecting CXX compile features
[0.732s] -- Detecting CXX compile features - done
[0.735s] -- Found ament_cmake: 0.9.12 (/opt/ros/foxy/share/ament_cmake/cmake)
[0.756s] -- Found PythonInterp: /usr/bin/python3 (found suitable version "3.8.10", minimum required is "3") 
[0.756s] -- Using PYTHON_EXECUTABLE: /usr/bin/python3
[0.915s] -- Found ament_lint_auto: 0.9.8 (/opt/ros/foxy/share/ament_lint_auto/cmake)
[0.975s] -- Added test 'copyright' to check source files copyright and LICENSE
[0.978s] -- Added test 'flake8' to check Python code syntax and style conventions
[0.978s] -- Added test 'lint_cmake' to check CMake code style
[0.979s] -- Added test 'pep257' to check Python code against some of the style conventions in PEP 257
[0.980s] -- Added test 'xmllint' to check XML markup files
[0.982s] -- Configuring done
[0.983s] -- Generating done
[0.984s] -- Build files have been written to: /home/gunwon/last_ws/build/articubot_one
[0.986s] Invoked command in '/home/gunwon/last_ws/build/articubot_one' returned '0': CMAKE_PREFIX_PATH=/opt/ros/foxy /usr/bin/cmake /home/gunwon/last_ws/src/articubot_one -DCMAKE_INSTALL_PREFIX=/home/gunwon/last_ws/install/articubot_one
[0.988s] Invoking command in '/home/gunwon/last_ws/build/articubot_one': CMAKE_PREFIX_PATH=/opt/ros/foxy /usr/bin/cmake --build /home/gunwon/last_ws/build/articubot_one -- -j12 -l12
[1.014s] Invoked command in '/home/gunwon/last_ws/build/articubot_one' returned '0': CMAKE_PREFIX_PATH=/opt/ros/foxy /usr/bin/cmake --build /home/gunwon/last_ws/build/articubot_one -- -j12 -l12
[1.036s] Invoking command in '/home/gunwon/last_ws/build/articubot_one': CMAKE_PREFIX_PATH=/opt/ros/foxy /usr/bin/cmake --install /home/gunwon/last_ws/build/articubot_one
[1.041s] -- Install configuration: ""
[1.041s] -- Installing: /home/gunwon/last_ws/install/articubot_one/share/articubot_one/config
[1.042s] -- Installing: /home/gunwon/last_ws/install/articubot_one/share/articubot_one/config/map.rviz
[1.042s] -- Installing: /home/gunwon/last_ws/install/articubot_one/share/articubot_one/config/gazebo_params.yaml
[1.042s] -- Installing: /home/gunwon/last_ws/install/articubot_one/share/articubot_one/config/nav2_params.yaml
[1.042s] -- Installing: /home/gunwon/last_ws/install/articubot_one/share/articubot_one/config/gaz_ros2_ctl_use_sim.yaml
[1.042s] -- Installing: /home/gunwon/last_ws/install/articubot_one/share/articubot_one/config/empty.yaml
[1.042s] -- Installing: /home/gunwon/last_ws/install/articubot_one/share/articubot_one/config/view_bot.rviz
[1.042s] -- Installing: /home/gunwon/last_ws/install/articubot_one/share/articubot_one/config/main.rviz
[1.042s] -- Installing: /home/gunwon/last_ws/install/articubot_one/share/articubot_one/config/mapper_params_online_async.yaml
[1.042s] -- Installing: /home/gunwon/last_ws/install/articubot_one/share/articubot_one/config/twist_mux.yaml
[1.043s] -- Installing: /home/gunwon/last_ws/install/articubot_one/share/articubot_one/config/joystick.yaml
[1.043s] -- Installing: /home/gunwon/last_ws/install/articubot_one/share/articubot_one/config/my_controllers.yaml
[1.043s] -- Installing: /home/gunwon/last_ws/install/articubot_one/share/articubot_one/config/drive_bot.rviz
[1.043s] -- Installing: /home/gunwon/last_ws/install/articubot_one/share/articubot_one/description
[1.043s] -- Installing: /home/gunwon/last_ws/install/articubot_one/share/articubot_one/description/robot_core.xacro
[1.043s] -- Installing: /home/gunwon/last_ws/install/articubot_one/share/articubot_one/description/inertial_macros.xacro
[1.043s] -- Installing: /home/gunwon/last_ws/install/articubot_one/share/articubot_one/description/robot.urdf.xacro
[1.043s] -- Installing: /home/gunwon/last_ws/install/articubot_one/share/articubot_one/description/depth_camera.xacro
[1.044s] -- Installing: /home/gunwon/last_ws/install/articubot_one/share/articubot_one/description/camera.xacro
[1.044s] -- Installing: /home/gunwon/last_ws/install/articubot_one/share/articubot_one/description/face.xacro
[1.044s] -- Installing: /home/gunwon/last_ws/install/articubot_one/share/articubot_one/description/ros2_control.xacro
[1.044s] -- Installing: /home/gunwon/last_ws/install/articubot_one/share/articubot_one/description/gazebo_control.xacro
[1.044s] -- Installing: /home/gunwon/last_ws/install/articubot_one/share/articubot_one/description/lidar.xacro
[1.044s] -- Installing: /home/gunwon/last_ws/install/articubot_one/share/articubot_one/launch
[1.044s] -- Installing: /home/gunwon/last_ws/install/articubot_one/share/articubot_one/launch/launch_robot.launch.py
[1.044s] -- Installing: /home/gunwon/last_ws/install/articubot_one/share/articubot_one/launch/camera.launch.py
[1.044s] -- Installing: /home/gunwon/last_ws/install/articubot_one/share/articubot_one/launch/localization_launch.py
[1.044s] -- Installing: /home/gunwon/last_ws/install/articubot_one/share/articubot_one/launch/rplidar.launch.py
[1.045s] -- Installing: /home/gunwon/last_ws/install/articubot_one/share/articubot_one/launch/navigation_launch.py
[1.045s] -- Installing: /home/gunwon/last_ws/install/articubot_one/share/articubot_one/launch/launch_sim.launch.py
[1.045s] -- Installing: /home/gunwon/last_ws/install/articubot_one/share/articubot_one/launch/joystick.launch.py
[1.045s] -- Installing: /home/gunwon/last_ws/install/articubot_one/share/articubot_one/launch/online_async_launch.py
[1.045s] -- Installing: /home/gunwon/last_ws/install/articubot_one/share/articubot_one/launch/rsp.launch.py
[1.045s] -- Installing: /home/gunwon/last_ws/install/articubot_one/share/articubot_one/worlds
[1.045s] -- Installing: /home/gunwon/last_ws/install/articubot_one/share/articubot_one/worlds/obstacles.world
[1.045s] -- Installing: /home/gunwon/last_ws/install/articubot_one/share/articubot_one/worlds/empty.world
[1.046s] -- Installing: /home/gunwon/last_ws/install/articubot_one/share/ament_index/resource_index/package_run_dependencies/articubot_one
[1.046s] -- Installing: /home/gunwon/last_ws/install/articubot_one/share/ament_index/resource_index/parent_prefix_path/articubot_one
[1.046s] -- Installing: /home/gunwon/last_ws/install/articubot_one/share/articubot_one/environment/ament_prefix_path.sh
[1.046s] -- Installing: /home/gunwon/last_ws/install/articubot_one/share/articubot_one/environment/ament_prefix_path.dsv
[1.046s] -- Installing: /home/gunwon/last_ws/install/articubot_one/share/articubot_one/environment/path.sh
[1.046s] -- Installing: /home/gunwon/last_ws/install/articubot_one/share/articubot_one/environment/path.dsv
[1.046s] -- Installing: /home/gunwon/last_ws/install/articubot_one/share/articubot_one/local_setup.bash
[1.046s] -- Installing: /home/gunwon/last_ws/install/articubot_one/share/articubot_one/local_setup.sh
[1.046s] -- Installing: /home/gunwon/last_ws/install/articubot_one/share/articubot_one/local_setup.zsh
[1.046s] -- Installing: /home/gunwon/last_ws/install/articubot_one/share/articubot_one/local_setup.dsv
[1.047s] -- Installing: /home/gunwon/last_ws/install/articubot_one/share/articubot_one/package.dsv
[1.047s] -- Installing: /home/gunwon/last_ws/install/articubot_one/share/ament_index/resource_index/packages/articubot_one
[1.047s] -- Installing: /home/gunwon/last_ws/install/articubot_one/share/articubot_one/cmake/articubot_oneConfig.cmake
[1.047s] -- Installing: /home/gunwon/last_ws/install/articubot_one/share/articubot_one/cmake/articubot_oneConfig-version.cmake
[1.047s] -- Installing: /home/gunwon/last_ws/install/articubot_one/share/articubot_one/package.xml
[1.048s] Invoked command in '/home/gunwon/last_ws/build/articubot_one' returned '0': CMAKE_PREFIX_PATH=/opt/ros/foxy /usr/bin/cmake --install /home/gunwon/last_ws/build/articubot_one
